This file contains any messages produced by compilers while
running configure, to aid debugging if configure makes a mistake.

It was created by configure, which was
generated by GNU Autoconf 2.57.  Invocation command line was

  $ ./configure 

## --------- ##
## Platform. ##
## --------- ##

hostname = manjaro
uname -m = x86_64
uname -r = 4.19.34-1-MANJARO
uname -s = Linux
uname -v = #1 SMP PREEMPT Sat Apr 6 08:28:55 UTC 2019

/usr/bin/uname -p = unknown
/bin/uname -X     = unknown

/bin/arch              = unknown
/usr/bin/arch -k       = unknown
/usr/convex/getsysinfo = unknown
hostinfo               = unknown
/bin/machine           = unknown
/usr/bin/oslevel       = unknown
/bin/universe          = unknown

PATH: /usr/java/jdk-11.0.2/bin
PATH: /bin
PATH: /usr/local/sbin
PATH: /usr/local/bin
PATH: /usr/bin
PATH: /usr/lib/jvm/default/bin
PATH: /usr/bin/site_perl
PATH: /usr/bin/vendor_perl
PATH: /usr/bin/core_perl


## ----------- ##
## Core tests. ##
## ----------- ##

configure:1251: checking build system type
configure:1269: result: x86_64-unknown-linux-gnu
configure:1277: checking host system type
configure:1291: result: x86_64-unknown-linux-gnu
configure:1360: checking for gcc
configure:1376: found /bin/gcc
configure:1386: result: gcc
configure:1630: checking for C compiler version
configure:1633: gcc --version </dev/null >&5
gcc (GCC) 8.2.1 20181127
Copyright (C) 2018 Free Software Foundation, Inc.
This is free software; see the source for copying conditions.  There is NO
warranty; not even for MERCHANTABILITY or FITNESS FOR A PARTICULAR PURPOSE.

configure:1636: $? = 0
configure:1638: gcc -v </dev/null >&5
Using built-in specs.
COLLECT_GCC=gcc
COLLECT_LTO_WRAPPER=/usr/lib/gcc/x86_64-pc-linux-gnu/8.2.1/lto-wrapper
Target: x86_64-pc-linux-gnu
Configured with: /build/gcc/src/gcc/configure --prefix=/usr --libdir=/usr/lib --libexecdir=/usr/lib --mandir=/usr/share/man --infodir=/usr/share/info --with-bugurl=https://bugs.archlinux.org/ --enable-languages=c,c++,ada,fortran,go,lto,objc,obj-c++ --enable-shared --enable-threads=posix --enable-libmpx --with-system-zlib --with-isl --enable-__cxa_atexit --disable-libunwind-exceptions --enable-clocale=gnu --disable-libstdcxx-pch --disable-libssp --enable-gnu-unique-object --enable-linker-build-id --enable-lto --enable-plugin --enable-install-libiberty --with-linker-hash-style=gnu --enable-gnu-indirect-function --enable-multilib --disable-werror --enable-checking=release --enable-default-pie --enable-default-ssp --enable-cet=auto
Thread model: posix
gcc version 8.2.1 20181127 (GCC) 
configure:1641: $? = 0
configure:1643: gcc -V </dev/null >&5
gcc: error: unrecognized command line option '-V'
gcc: fatal error: no input files
compilation terminated.
configure:1646: $? = 1
configure:1670: checking for C compiler default output
configure:1673: gcc    conftest.c  >&5
configure:1676: $? = 0
configure:1722: result: a.out
configure:1727: checking whether the C compiler works
configure:1733: ./a.out
configure:1736: $? = 0
configure:1753: result: yes
configure:1760: checking whether we are cross compiling
configure:1762: result: no
configure:1765: checking for suffix of executables
configure:1767: gcc -o conftest    conftest.c  >&5
configure:1770: $? = 0
configure:1795: result: 
configure:1801: checking for suffix of object files
configure:1823: gcc -c   conftest.c >&5
configure:1826: $? = 0
configure:1848: result: o
configure:1852: checking whether we are using the GNU C compiler
configure:1877: gcc -c   conftest.c >&5
configure:1880: $? = 0
configure:1883: test -s conftest.o
configure:1886: $? = 0
configure:1899: result: yes
configure:1905: checking whether gcc accepts -g
configure:1927: gcc -c -g  conftest.c >&5
configure:1930: $? = 0
configure:1933: test -s conftest.o
configure:1936: $? = 0
configure:1947: result: yes
configure:1964: checking for gcc option to accept ANSI C
configure:2025: gcc  -c -g -O2  conftest.c >&5
configure:2028: $? = 0
configure:2031: test -s conftest.o
configure:2034: $? = 0
configure:2052: result: none needed
configure:2070: gcc -c -g -O2  conftest.c >&5
conftest.c:2:3: error: unknown type name 'choke'
   choke me
   ^~~~~
conftest.c:2:3: error: expected '=', ',', ';', 'asm' or '__attribute__' at end of input
configure:2073: $? = 1
configure: failed program was:
| #ifndef __cplusplus
|   choke me
| #endif
configure:2223: checking for ranlib
configure:2239: found /bin/ranlib
configure:2250: result: ranlib
configure:2265: checking for pthread_create in -lpthread
configure:2296: gcc -o conftest -g -O2   conftest.c -lpthread   >&5
configure:2299: $? = 0
configure:2302: test -s conftest
configure:2305: $? = 0
configure:2317: result: yes
configure:2401: checking for t_open in -lnsl
configure:2432: gcc -o conftest -g -O2 -D_REENTRANT   conftest.c -lnsl  -lpthread  >&5
/bin/ld: /tmp/cc1C5a2Q.o: in function `main':
/home/wangying/Desktop/unpv13e/configure:2429: undefined reference to `t_open'
collect2: error: ld returned 1 exit status
configure:2435: $? = 1
configure: failed program was:
| #line 2408 "configure"
| /* confdefs.h.  */
| 
| #define PACKAGE_NAME ""
| #define PACKAGE_TARNAME ""
| #define PACKAGE_VERSION ""
| #define PACKAGE_STRING ""
| #define PACKAGE_BUGREPORT ""
| #define CPU_VENDOR_OS "x86_64-unknown-linux-gnu"
| #define HAVE_LIBPTHREAD 1
| /* end confdefs.h.  */
| 
| /* Override any gcc2 internal prototype to avoid an error.  */
| #ifdef __cplusplus
| extern "C"
| #endif
| /* We use char because int might match the return type of a gcc2
|    builtin and then its argument prototype would still apply.  */
| char t_open ();
| int
| main ()
| {
| t_open ();
|   ;
|   return 0;
| }
configure:2453: result: no
configure:2464: checking for library containing socket
configure:2495: gcc -o conftest -g -O2 -D_REENTRANT   conftest.c -lpthread  >&5
configure:2498: $? = 0
configure:2501: test -s conftest
configure:2504: $? = 0
configure:2563: result: none required
configure:2571: checking for /usr/local/bind/lib/libbind.a
configure:2578: result: no
configure:2580: checking for /home/wangying/libbind.a
configure:2587: result: no
configure:2589: checking for /home/wangying/libresolv.a
configure:2596: result: no
configure:2599: checking for res_init in -lresolv
configure:2630: gcc -o conftest -g -O2 -D_REENTRANT   conftest.c -lresolv  -lpthread  >&5
/bin/ld: /tmp/ccZVtYq2.o: in function `main':
/home/wangying/Desktop/unpv13e/configure:2627: undefined reference to `res_init'
collect2: error: ld returned 1 exit status
configure:2633: $? = 1
configure: failed program was:
| #line 2606 "configure"
| /* confdefs.h.  */
| 
| #define PACKAGE_NAME ""
| #define PACKAGE_TARNAME ""
| #define PACKAGE_VERSION ""
| #define PACKAGE_STRING ""
| #define PACKAGE_BUGREPORT ""
| #define CPU_VENDOR_OS "x86_64-unknown-linux-gnu"
| #define HAVE_LIBPTHREAD 1
| /* end confdefs.h.  */
| 
| /* Override any gcc2 internal prototype to avoid an error.  */
| #ifdef __cplusplus
| extern "C"
| #endif
| /* We use char because int might match the return type of a gcc2
|    builtin and then its argument prototype would still apply.  */
| char res_init ();
| int
| main ()
| {
| res_init ();
|   ;
|   return 0;
| }
configure:2651: result: no
configure:2667: checking for t_open in -lxti
configure:2698: gcc -o conftest -g -O2 -D_REENTRANT   conftest.c -lxti  -lpthread  >&5
/bin/ld: cannot find -lxti
collect2: error: ld returned 1 exit status
configure:2701: $? = 1
configure: failed program was:
| #line 2674 "configure"
| /* confdefs.h.  */
| 
| #define PACKAGE_NAME ""
| #define PACKAGE_TARNAME ""
| #define PACKAGE_VERSION ""
| #define PACKAGE_STRING ""
| #define PACKAGE_BUGREPORT ""
| #define CPU_VENDOR_OS "x86_64-unknown-linux-gnu"
| #define HAVE_LIBPTHREAD 1
| /* end confdefs.h.  */
| 
| /* Override any gcc2 internal prototype to avoid an error.  */
| #ifdef __cplusplus
| extern "C"
| #endif
| /* We use char because int might match the return type of a gcc2
|    builtin and then its argument prototype would still apply.  */
| char t_open ();
| int
| main ()
| {
| t_open ();
|   ;
|   return 0;
| }
configure:2719: result: no
configure:2731: checking for /home/wangying/libunp.a
configure:2739: result: no
configure:2745: checking for /home/wangying/libunpxti.a
configure:2753: result: no
configure:2764: checking how to run the C preprocessor
configure:2800: gcc -E  conftest.c
configure:2806: $? = 0
configure:2838: gcc -E  conftest.c
configure:2839:10: fatal error: ac_nonexistent.h: No such file or directory
 _ACEOF
          ^                 
compilation terminated.
configure:2844: $? = 1
configure: failed program was:
| #line 2829 "configure"
| /* confdefs.h.  */
| 
| #define PACKAGE_NAME ""
| #define PACKAGE_TARNAME ""
| #define PACKAGE_VERSION ""
| #define PACKAGE_STRING ""
| #define PACKAGE_BUGREPORT ""
| #define CPU_VENDOR_OS "x86_64-unknown-linux-gnu"
| #define HAVE_LIBPTHREAD 1
| /* end confdefs.h.  */
| #include <ac_nonexistent.h>
configure:2882: result: gcc -E
configure:2907: gcc -E  conftest.c
configure:2913: $? = 0
configure:2945: gcc -E  conftest.c
configure:2946:10: fatal error: ac_nonexistent.h: No such file or directory
 _ACEOF
          ^                 
compilation terminated.
configure:2951: $? = 1
configure: failed program was:
| #line 2936 "configure"
| /* confdefs.h.  */
| 
| #define PACKAGE_NAME ""
| #define PACKAGE_TARNAME ""
| #define PACKAGE_VERSION ""
| #define PACKAGE_STRING ""
| #define PACKAGE_BUGREPORT ""
| #define CPU_VENDOR_OS "x86_64-unknown-linux-gnu"
| #define HAVE_LIBPTHREAD 1
| /* end confdefs.h.  */
| #include <ac_nonexistent.h>
configure:2994: checking for egrep
configure:3004: result: grep -E
configure:3009: checking for ANSI C header files
configure:3035: gcc -c -g -O2 -D_REENTRANT  conftest.c >&5
configure:3038: $? = 0
configure:3041: test -s conftest.o
configure:3044: $? = 0
configure:3136: gcc -o conftest -g -O2 -D_REENTRANT   conftest.c -lpthread  >&5
configure: In function 'main':
configure:3131:7: warning: implicit declaration of function 'exit' [-Wimplicit-function-declaration]
     if (XOR (islower (i), ISLOWER (i))
       ^~~~
configure:3131:7: warning: incompatible implicit declaration of built-in function 'exit'
configure:3131:7: note: include '<stdlib.h>' or provide a declaration of 'exit'
configure:3115:1:
+#include <stdlib.h>
 # define ISLOWER(c) ('a' <= (c) && (c) <= 'z')
configure:3131:7:
     if (XOR (islower (i), ISLOWER (i))
       ^~~~
configure:3132:3: warning: incompatible implicit declaration of built-in function 'exit'
         || toupper (i) != TOUPPER (i))
   ^   
configure:3132:3: note: include '<stdlib.h>' or provide a declaration of 'exit'
configure:3139: $? = 0
configure:3141: ./conftest
configure:3144: $? = 0
configure:3159: result: yes
configure:3206: checking for sys/types.h
configure:3260: gcc -c -g -O2 -D_REENTRANT  conftest.c >&5
configure:3263: $? = 0
configure:3266: test -s conftest.o
configure:3269: $? = 0
configure:3280: result: yes
configure:3206: checking for sys/socket.h
configure:3260: gcc -c -g -O2 -D_REENTRANT  conftest.c >&5
configure:3263: $? = 0
configure:3266: test -s conftest.o
configure:3269: $? = 0
configure:3280: result: yes
configure:3206: checking for sys/time.h
configure:3260: gcc -c -g -O2 -D_REENTRANT  conftest.c >&5
configure:3263: $? = 0
configure:3266: test -s conftest.o
configure:3269: $? = 0
configure:3280: result: yes
configure:3206: checking for time.h
configure:3260: gcc -c -g -O2 -D_REENTRANT  conftest.c >&5
configure:3263: $? = 0
configure:3266: test -s conftest.o
configure:3269: $? = 0
configure:3280: result: yes
configure:3206: checking for netinet/in.h
configure:3260: gcc -c -g -O2 -D_REENTRANT  conftest.c >&5
configure:3263: $? = 0
configure:3266: test -s conftest.o
configure:3269: $? = 0
configure:3280: result: yes
configure:3206: checking for arpa/inet.h
configure:3260: gcc -c -g -O2 -D_REENTRANT  conftest.c >&5
configure:3263: $? = 0
configure:3266: test -s conftest.o
configure:3269: $? = 0
configure:3280: result: yes
configure:3206: checking for errno.h
configure:3260: gcc -c -g -O2 -D_REENTRANT  conftest.c >&5
configure:3263: $? = 0
configure:3266: test -s conftest.o
configure:3269: $? = 0
configure:3280: result: yes
configure:3206: checking for fcntl.h
configure:3260: gcc -c -g -O2 -D_REENTRANT  conftest.c >&5
configure:3263: $? = 0
configure:3266: test -s conftest.o
configure:3269: $? = 0
configure:3280: result: yes
configure:3206: checking for netdb.h
configure:3260: gcc -c -g -O2 -D_REENTRANT  conftest.c >&5
configure:3263: $? = 0
configure:3266: test -s conftest.o
configure:3269: $? = 0
configure:3280: result: yes
configure:3206: checking for signal.h
configure:3260: gcc -c -g -O2 -D_REENTRANT  conftest.c >&5
configure:3263: $? = 0
configure:3266: test -s conftest.o
configure:3269: $? = 0
configure:3280: result: yes
configure:3206: checking for stdio.h
configure:3260: gcc -c -g -O2 -D_REENTRANT  conftest.c >&5
configure:3263: $? = 0
configure:3266: test -s conftest.o
configure:3269: $? = 0
configure:3280: result: yes
configure:3206: checking for stdlib.h
configure:3260: gcc -c -g -O2 -D_REENTRANT  conftest.c >&5
configure:3263: $? = 0
configure:3266: test -s conftest.o
configure:3269: $? = 0
configure:3280: result: yes
configure:3206: checking for string.h
configure:3260: gcc -c -g -O2 -D_REENTRANT  conftest.c >&5
configure:3263: $? = 0
configure:3266: test -s conftest.o
configure:3269: $? = 0
configure:3280: result: yes
configure:3206: checking for sys/stat.h
configure:3260: gcc -c -g -O2 -D_REENTRANT  conftest.c >&5
configure:3263: $? = 0
configure:3266: test -s conftest.o
configure:3269: $? = 0
configure:3280: result: yes
configure:3206: checking for sys/uio.h
configure:3260: gcc -c -g -O2 -D_REENTRANT  conftest.c >&5
configure:3263: $? = 0
configure:3266: test -s conftest.o
configure:3269: $? = 0
configure:3280: result: yes
configure:3206: checking for unistd.h
configure:3260: gcc -c -g -O2 -D_REENTRANT  conftest.c >&5
configure:3263: $? = 0
configure:3266: test -s conftest.o
configure:3269: $? = 0
configure:3280: result: yes
configure:3206: checking for sys/wait.h
configure:3260: gcc -c -g -O2 -D_REENTRANT  conftest.c >&5
configure:3263: $? = 0
configure:3266: test -s conftest.o
configure:3269: $? = 0
configure:3280: result: yes
configure:3206: checking for sys/un.h
configure:3260: gcc -c -g -O2 -D_REENTRANT  conftest.c >&5
configure:3263: $? = 0
configure:3266: test -s conftest.o
configure:3269: $? = 0
configure:3280: result: yes
configure:3206: checking for sys/param.h
configure:3260: gcc -c -g -O2 -D_REENTRANT  conftest.c >&5
configure:3263: $? = 0
configure:3266: test -s conftest.o
configure:3269: $? = 0
configure:3280: result: yes
configure:3206: checking for sys/select.h
configure:3260: gcc -c -g -O2 -D_REENTRANT  conftest.c >&5
configure:3263: $? = 0
configure:3266: test -s conftest.o
configure:3269: $? = 0
configure:3280: result: yes
configure:3206: checking for sys/sysctl.h
configure:3260: gcc -c -g -O2 -D_REENTRANT  conftest.c >&5
configure:3263: $? = 0
configure:3266: test -s conftest.o
configure:3269: $? = 0
configure:3280: result: yes
configure:3206: checking for poll.h
configure:3260: gcc -c -g -O2 -D_REENTRANT  conftest.c >&5
configure:3263: $? = 0
configure:3266: test -s conftest.o
configure:3269: $? = 0
configure:3280: result: yes
configure:3206: checking for sys/event.h
configure:3260: gcc -c -g -O2 -D_REENTRANT  conftest.c >&5
configure:3283:10: fatal error: sys/event.h: No such file or directory
 echo "${ECHO_T}`eval echo '${'$as_ac_Header'}'`" >&6
          ^~~~~~~~~~~~~
compilation terminated.
configure:3263: $? = 1
configure: failed program was:
| #line 3211 "configure"
| /* confdefs.h.  */
| 
| #define PACKAGE_NAME ""
| #define PACKAGE_TARNAME ""
| #define PACKAGE_VERSION ""
| #define PACKAGE_STRING ""
| #define PACKAGE_BUGREPORT ""
| #define CPU_VENDOR_OS "x86_64-unknown-linux-gnu"
| #define HAVE_LIBPTHREAD 1
| #define STDC_HEADERS 1
| #define HAVE_SYS_TYPES_H 1
| #define HAVE_SYS_SOCKET_H 1
| #define HAVE_SYS_TIME_H 1
| #define HAVE_TIME_H 1
| #define HAVE_NETINET_IN_H 1
| #define HAVE_ARPA_INET_H 1
| #define HAVE_ERRNO_H 1
| #define HAVE_FCNTL_H 1
| #define HAVE_NETDB_H 1
| #define HAVE_SIGNAL_H 1
| #define HAVE_STDIO_H 1
| #define HAVE_STDLIB_H 1
| #define HAVE_STRING_H 1
| #define HAVE_SYS_STAT_H 1
| #define HAVE_SYS_UIO_H 1
| #define HAVE_UNISTD_H 1
| #define HAVE_SYS_WAIT_H 1
| #define HAVE_SYS_UN_H 1
| #define HAVE_SYS_PARAM_H 1
| #define HAVE_SYS_SELECT_H 1
| #define HAVE_SYS_SYSCTL_H 1
| #define HAVE_POLL_H 1
| /* end confdefs.h.  */
| 
| #include <stdio.h>
| #if HAVE_SYS_TYPES_H
| # include <sys/types.h>
| #endif
| #if HAVE_SYS_STAT_H
| # include <sys/stat.h>
| #endif
| #if STDC_HEADERS
| # include <stdlib.h>
| # include <stddef.h>
| #else
| # if HAVE_STDLIB_H
| #  include <stdlib.h>
| # endif
| #endif
| #if HAVE_STRING_H
| # if !STDC_HEADERS && HAVE_MEMORY_H
| #  include <memory.h>
| # endif
| # include <string.h>
| #endif
| #if HAVE_STRINGS_H
| # include <strings.h>
| #endif
| #if HAVE_INTTYPES_H
| # include <inttypes.h>
| #else
| # if HAVE_STDINT_H
| #  include <stdint.h>
| # endif
| #endif
| #if HAVE_UNISTD_H
| # include <unistd.h>
| #endif
| #if HAVE_SYS_PARAM_H
| # include <sys/param.h>
| #endif
| 
| #include <sys/event.h>
configure:3280: result: no
configure:3206: checking for strings.h
configure:3260: gcc -c -g -O2 -D_REENTRANT  conftest.c >&5
configure:3263: $? = 0
configure:3266: test -s conftest.o
configure:3269: $? = 0
configure:3280: result: yes
configure:3206: checking for sys/ioctl.h
configure:3260: gcc -c -g -O2 -D_REENTRANT  conftest.c >&5
configure:3263: $? = 0
configure:3266: test -s conftest.o
configure:3269: $? = 0
configure:3280: result: yes
configure:3206: checking for sys/filio.h
configure:3260: gcc -c -g -O2 -D_REENTRANT  conftest.c >&5
configure:3285:10: fatal error: sys/filio.h: No such file or directory
   cat >>confdefs.h <<_ACEOF
          ^~~~~~~~~~~~~
compilation terminated.
configure:3263: $? = 1
configure: failed program was:
| #line 3211 "configure"
| /* confdefs.h.  */
| 
| #define PACKAGE_NAME ""
| #define PACKAGE_TARNAME ""
| #define PACKAGE_VERSION ""
| #define PACKAGE_STRING ""
| #define PACKAGE_BUGREPORT ""
| #define CPU_VENDOR_OS "x86_64-unknown-linux-gnu"
| #define HAVE_LIBPTHREAD 1
| #define STDC_HEADERS 1
| #define HAVE_SYS_TYPES_H 1
| #define HAVE_SYS_SOCKET_H 1
| #define HAVE_SYS_TIME_H 1
| #define HAVE_TIME_H 1
| #define HAVE_NETINET_IN_H 1
| #define HAVE_ARPA_INET_H 1
| #define HAVE_ERRNO_H 1
| #define HAVE_FCNTL_H 1
| #define HAVE_NETDB_H 1
| #define HAVE_SIGNAL_H 1
| #define HAVE_STDIO_H 1
| #define HAVE_STDLIB_H 1
| #define HAVE_STRING_H 1
| #define HAVE_SYS_STAT_H 1
| #define HAVE_SYS_UIO_H 1
| #define HAVE_UNISTD_H 1
| #define HAVE_SYS_WAIT_H 1
| #define HAVE_SYS_UN_H 1
| #define HAVE_SYS_PARAM_H 1
| #define HAVE_SYS_SELECT_H 1
| #define HAVE_SYS_SYSCTL_H 1
| #define HAVE_POLL_H 1
| #define HAVE_STRINGS_H 1
| #define HAVE_SYS_IOCTL_H 1
| /* end confdefs.h.  */
| 
| #include <stdio.h>
| #if HAVE_SYS_TYPES_H
| # include <sys/types.h>
| #endif
| #if HAVE_SYS_STAT_H
| # include <sys/stat.h>
| #endif
| #if STDC_HEADERS
| # include <stdlib.h>
| # include <stddef.h>
| #else
| # if HAVE_STDLIB_H
| #  include <stdlib.h>
| # endif
| #endif
| #if HAVE_STRING_H
| # if !STDC_HEADERS && HAVE_MEMORY_H
| #  include <memory.h>
| # endif
| # include <string.h>
| #endif
| #if HAVE_STRINGS_H
| # include <strings.h>
| #endif
| #if HAVE_INTTYPES_H
| # include <inttypes.h>
| #else
| # if HAVE_STDINT_H
| #  include <stdint.h>
| # endif
| #endif
| #if HAVE_UNISTD_H
| # include <unistd.h>
| #endif
| #if HAVE_SYS_PARAM_H
| # include <sys/param.h>
| #endif
| 
| #include <sys/filio.h>
configure:3280: result: no
configure:3206: checking for sys/sockio.h
configure:3260: gcc -c -g -O2 -D_REENTRANT  conftest.c >&5
configure:3285:10: fatal error: sys/sockio.h: No such file or directory
   cat >>confdefs.h <<_ACEOF
          ^~~~~~~~~~~~~~
compilation terminated.
configure:3263: $? = 1
configure: failed program was:
| #line 3211 "configure"
| /* confdefs.h.  */
| 
| #define PACKAGE_NAME ""
| #define PACKAGE_TARNAME ""
| #define PACKAGE_VERSION ""
| #define PACKAGE_STRING ""
| #define PACKAGE_BUGREPORT ""
| #define CPU_VENDOR_OS "x86_64-unknown-linux-gnu"
| #define HAVE_LIBPTHREAD 1
| #define STDC_HEADERS 1
| #define HAVE_SYS_TYPES_H 1
| #define HAVE_SYS_SOCKET_H 1
| #define HAVE_SYS_TIME_H 1
| #define HAVE_TIME_H 1
| #define HAVE_NETINET_IN_H 1
| #define HAVE_ARPA_INET_H 1
| #define HAVE_ERRNO_H 1
| #define HAVE_FCNTL_H 1
| #define HAVE_NETDB_H 1
| #define HAVE_SIGNAL_H 1
| #define HAVE_STDIO_H 1
| #define HAVE_STDLIB_H 1
| #define HAVE_STRING_H 1
| #define HAVE_SYS_STAT_H 1
| #define HAVE_SYS_UIO_H 1
| #define HAVE_UNISTD_H 1
| #define HAVE_SYS_WAIT_H 1
| #define HAVE_SYS_UN_H 1
| #define HAVE_SYS_PARAM_H 1
| #define HAVE_SYS_SELECT_H 1
| #define HAVE_SYS_SYSCTL_H 1
| #define HAVE_POLL_H 1
| #define HAVE_STRINGS_H 1
| #define HAVE_SYS_IOCTL_H 1
| /* end confdefs.h.  */
| 
| #include <stdio.h>
| #if HAVE_SYS_TYPES_H
| # include <sys/types.h>
| #endif
| #if HAVE_SYS_STAT_H
| # include <sys/stat.h>
| #endif
| #if STDC_HEADERS
| # include <stdlib.h>
| # include <stddef.h>
| #else
| # if HAVE_STDLIB_H
| #  include <stdlib.h>
| # endif
| #endif
| #if HAVE_STRING_H
| # if !STDC_HEADERS && HAVE_MEMORY_H
| #  include <memory.h>
| # endif
| # include <string.h>
| #endif
| #if HAVE_STRINGS_H
| # include <strings.h>
| #endif
| #if HAVE_INTTYPES_H
| # include <inttypes.h>
| #else
| # if HAVE_STDINT_H
| #  include <stdint.h>
| # endif
| #endif
| #if HAVE_UNISTD_H
| # include <unistd.h>
| #endif
| #if HAVE_SYS_PARAM_H
| # include <sys/param.h>
| #endif
| 
| #include <sys/sockio.h>
configure:3280: result: no
configure:3206: checking for pthread.h
configure:3260: gcc -c -g -O2 -D_REENTRANT  conftest.c >&5
configure:3263: $? = 0
configure:3266: test -s conftest.o
configure:3269: $? = 0
configure:3280: result: yes
configure:3206: checking for net/if_dl.h
configure:3260: gcc -c -g -O2 -D_REENTRANT  conftest.c >&5
configure:3286:10: fatal error: net/if_dl.h: No such file or directory
 #define `echo "HAVE_$ac_header" | $as_tr_cpp` 1
          ^~~~~~~~~~~~~
compilation terminated.
configure:3263: $? = 1
configure: failed program was:
| #line 3211 "configure"
| /* confdefs.h.  */
| 
| #define PACKAGE_NAME ""
| #define PACKAGE_TARNAME ""
| #define PACKAGE_VERSION ""
| #define PACKAGE_STRING ""
| #define PACKAGE_BUGREPORT ""
| #define CPU_VENDOR_OS "x86_64-unknown-linux-gnu"
| #define HAVE_LIBPTHREAD 1
| #define STDC_HEADERS 1
| #define HAVE_SYS_TYPES_H 1
| #define HAVE_SYS_SOCKET_H 1
| #define HAVE_SYS_TIME_H 1
| #define HAVE_TIME_H 1
| #define HAVE_NETINET_IN_H 1
| #define HAVE_ARPA_INET_H 1
| #define HAVE_ERRNO_H 1
| #define HAVE_FCNTL_H 1
| #define HAVE_NETDB_H 1
| #define HAVE_SIGNAL_H 1
| #define HAVE_STDIO_H 1
| #define HAVE_STDLIB_H 1
| #define HAVE_STRING_H 1
| #define HAVE_SYS_STAT_H 1
| #define HAVE_SYS_UIO_H 1
| #define HAVE_UNISTD_H 1
| #define HAVE_SYS_WAIT_H 1
| #define HAVE_SYS_UN_H 1
| #define HAVE_SYS_PARAM_H 1
| #define HAVE_SYS_SELECT_H 1
| #define HAVE_SYS_SYSCTL_H 1
| #define HAVE_POLL_H 1
| #define HAVE_STRINGS_H 1
| #define HAVE_SYS_IOCTL_H 1
| #define HAVE_PTHREAD_H 1
| /* end confdefs.h.  */
| 
| #include <stdio.h>
| #if HAVE_SYS_TYPES_H
| # include <sys/types.h>
| #endif
| #if HAVE_SYS_STAT_H
| # include <sys/stat.h>
| #endif
| #if STDC_HEADERS
| # include <stdlib.h>
| # include <stddef.h>
| #else
| # if HAVE_STDLIB_H
| #  include <stdlib.h>
| # endif
| #endif
| #if HAVE_STRING_H
| # if !STDC_HEADERS && HAVE_MEMORY_H
| #  include <memory.h>
| # endif
| # include <string.h>
| #endif
| #if HAVE_STRINGS_H
| # include <strings.h>
| #endif
| #if HAVE_INTTYPES_H
| # include <inttypes.h>
| #else
| # if HAVE_STDINT_H
| #  include <stdint.h>
| # endif
| #endif
| #if HAVE_UNISTD_H
| # include <unistd.h>
| #endif
| #if HAVE_SYS_PARAM_H
| # include <sys/param.h>
| #endif
| 
| #include <net/if_dl.h>
configure:3280: result: no
configure:3206: checking for xti.h
configure:3260: gcc -c -g -O2 -D_REENTRANT  conftest.c >&5
configure:3286:10: fatal error: xti.h: No such file or directory
 #define `echo "HAVE_$ac_header" | $as_tr_cpp` 1
          ^~~~~~~
compilation terminated.
configure:3263: $? = 1
configure: failed program was:
| #line 3211 "configure"
| /* confdefs.h.  */
| 
| #define PACKAGE_NAME ""
| #define PACKAGE_TARNAME ""
| #define PACKAGE_VERSION ""
| #define PACKAGE_STRING ""
| #define PACKAGE_BUGREPORT ""
| #define CPU_VENDOR_OS "x86_64-unknown-linux-gnu"
| #define HAVE_LIBPTHREAD 1
| #define STDC_HEADERS 1
| #define HAVE_SYS_TYPES_H 1
| #define HAVE_SYS_SOCKET_H 1
| #define HAVE_SYS_TIME_H 1
| #define HAVE_TIME_H 1
| #define HAVE_NETINET_IN_H 1
| #define HAVE_ARPA_INET_H 1
| #define HAVE_ERRNO_H 1
| #define HAVE_FCNTL_H 1
| #define HAVE_NETDB_H 1
| #define HAVE_SIGNAL_H 1
| #define HAVE_STDIO_H 1
| #define HAVE_STDLIB_H 1
| #define HAVE_STRING_H 1
| #define HAVE_SYS_STAT_H 1
| #define HAVE_SYS_UIO_H 1
| #define HAVE_UNISTD_H 1
| #define HAVE_SYS_WAIT_H 1
| #define HAVE_SYS_UN_H 1
| #define HAVE_SYS_PARAM_H 1
| #define HAVE_SYS_SELECT_H 1
| #define HAVE_SYS_SYSCTL_H 1
| #define HAVE_POLL_H 1
| #define HAVE_STRINGS_H 1
| #define HAVE_SYS_IOCTL_H 1
| #define HAVE_PTHREAD_H 1
| /* end confdefs.h.  */
| 
| #include <stdio.h>
| #if HAVE_SYS_TYPES_H
| # include <sys/types.h>
| #endif
| #if HAVE_SYS_STAT_H
| # include <sys/stat.h>
| #endif
| #if STDC_HEADERS
| # include <stdlib.h>
| # include <stddef.h>
| #else
| # if HAVE_STDLIB_H
| #  include <stdlib.h>
| # endif
| #endif
| #if HAVE_STRING_H
| # if !STDC_HEADERS && HAVE_MEMORY_H
| #  include <memory.h>
| # endif
| # include <string.h>
| #endif
| #if HAVE_STRINGS_H
| # include <strings.h>
| #endif
| #if HAVE_INTTYPES_H
| # include <inttypes.h>
| #else
| # if HAVE_STDINT_H
| #  include <stdint.h>
| # endif
| #endif
| #if HAVE_UNISTD_H
| # include <unistd.h>
| #endif
| #if HAVE_SYS_PARAM_H
| # include <sys/param.h>
| #endif
| 
| #include <xti.h>
configure:3280: result: no
configure:3206: checking for xti_inet.h
configure:3260: gcc -c -g -O2 -D_REENTRANT  conftest.c >&5
configure:3286:10: fatal error: xti_inet.h: No such file or directory
 #define `echo "HAVE_$ac_header" | $as_tr_cpp` 1
          ^~~~~~~~~~~~
compilation terminated.
configure:3263: $? = 1
configure: failed program was:
| #line 3211 "configure"
| /* confdefs.h.  */
| 
| #define PACKAGE_NAME ""
| #define PACKAGE_TARNAME ""
| #define PACKAGE_VERSION ""
| #define PACKAGE_STRING ""
| #define PACKAGE_BUGREPORT ""
| #define CPU_VENDOR_OS "x86_64-unknown-linux-gnu"
| #define HAVE_LIBPTHREAD 1
| #define STDC_HEADERS 1
| #define HAVE_SYS_TYPES_H 1
| #define HAVE_SYS_SOCKET_H 1
| #define HAVE_SYS_TIME_H 1
| #define HAVE_TIME_H 1
| #define HAVE_NETINET_IN_H 1
| #define HAVE_ARPA_INET_H 1
| #define HAVE_ERRNO_H 1
| #define HAVE_FCNTL_H 1
| #define HAVE_NETDB_H 1
| #define HAVE_SIGNAL_H 1
| #define HAVE_STDIO_H 1
| #define HAVE_STDLIB_H 1
| #define HAVE_STRING_H 1
| #define HAVE_SYS_STAT_H 1
| #define HAVE_SYS_UIO_H 1
| #define HAVE_UNISTD_H 1
| #define HAVE_SYS_WAIT_H 1
| #define HAVE_SYS_UN_H 1
| #define HAVE_SYS_PARAM_H 1
| #define HAVE_SYS_SELECT_H 1
| #define HAVE_SYS_SYSCTL_H 1
| #define HAVE_POLL_H 1
| #define HAVE_STRINGS_H 1
| #define HAVE_SYS_IOCTL_H 1
| #define HAVE_PTHREAD_H 1
| /* end confdefs.h.  */
| 
| #include <stdio.h>
| #if HAVE_SYS_TYPES_H
| # include <sys/types.h>
| #endif
| #if HAVE_SYS_STAT_H
| # include <sys/stat.h>
| #endif
| #if STDC_HEADERS
| # include <stdlib.h>
| # include <stddef.h>
| #else
| # if HAVE_STDLIB_H
| #  include <stdlib.h>
| # endif
| #endif
| #if HAVE_STRING_H
| # if !STDC_HEADERS && HAVE_MEMORY_H
| #  include <memory.h>
| # endif
| # include <string.h>
| #endif
| #if HAVE_STRINGS_H
| # include <strings.h>
| #endif
| #if HAVE_INTTYPES_H
| # include <inttypes.h>
| #else
| # if HAVE_STDINT_H
| #  include <stdint.h>
| # endif
| #endif
| #if HAVE_UNISTD_H
| # include <unistd.h>
| #endif
| #if HAVE_SYS_PARAM_H
| # include <sys/param.h>
| #endif
| 
| #include <xti_inet.h>
configure:3280: result: no
configure:3206: checking for netconfig.h
configure:3260: gcc -c -g -O2 -D_REENTRANT  conftest.c >&5
configure:3286:10: fatal error: netconfig.h: No such file or directory
 #define `echo "HAVE_$ac_header" | $as_tr_cpp` 1
          ^~~~~~~~~~~~~
compilation terminated.
configure:3263: $? = 1
configure: failed program was:
| #line 3211 "configure"
| /* confdefs.h.  */
| 
| #define PACKAGE_NAME ""
| #define PACKAGE_TARNAME ""
| #define PACKAGE_VERSION ""
| #define PACKAGE_STRING ""
| #define PACKAGE_BUGREPORT ""
| #define CPU_VENDOR_OS "x86_64-unknown-linux-gnu"
| #define HAVE_LIBPTHREAD 1
| #define STDC_HEADERS 1
| #define HAVE_SYS_TYPES_H 1
| #define HAVE_SYS_SOCKET_H 1
| #define HAVE_SYS_TIME_H 1
| #define HAVE_TIME_H 1
| #define HAVE_NETINET_IN_H 1
| #define HAVE_ARPA_INET_H 1
| #define HAVE_ERRNO_H 1
| #define HAVE_FCNTL_H 1
| #define HAVE_NETDB_H 1
| #define HAVE_SIGNAL_H 1
| #define HAVE_STDIO_H 1
| #define HAVE_STDLIB_H 1
| #define HAVE_STRING_H 1
| #define HAVE_SYS_STAT_H 1
| #define HAVE_SYS_UIO_H 1
| #define HAVE_UNISTD_H 1
| #define HAVE_SYS_WAIT_H 1
| #define HAVE_SYS_UN_H 1
| #define HAVE_SYS_PARAM_H 1
| #define HAVE_SYS_SELECT_H 1
| #define HAVE_SYS_SYSCTL_H 1
| #define HAVE_POLL_H 1
| #define HAVE_STRINGS_H 1
| #define HAVE_SYS_IOCTL_H 1
| #define HAVE_PTHREAD_H 1
| /* end confdefs.h.  */
| 
| #include <stdio.h>
| #if HAVE_SYS_TYPES_H
| # include <sys/types.h>
| #endif
| #if HAVE_SYS_STAT_H
| # include <sys/stat.h>
| #endif
| #if STDC_HEADERS
| # include <stdlib.h>
| # include <stddef.h>
| #else
| # if HAVE_STDLIB_H
| #  include <stdlib.h>
| # endif
| #endif
| #if HAVE_STRING_H
| # if !STDC_HEADERS && HAVE_MEMORY_H
| #  include <memory.h>
| # endif
| # include <string.h>
| #endif
| #if HAVE_STRINGS_H
| # include <strings.h>
| #endif
| #if HAVE_INTTYPES_H
| # include <inttypes.h>
| #else
| # if HAVE_STDINT_H
| #  include <stdint.h>
| # endif
| #endif
| #if HAVE_UNISTD_H
| # include <unistd.h>
| #endif
| #if HAVE_SYS_PARAM_H
| # include <sys/param.h>
| #endif
| 
| #include <netconfig.h>
configure:3280: result: no
configure:3206: checking for netdir.h
configure:3260: gcc -c -g -O2 -D_REENTRANT  conftest.c >&5
configure:3286:10: fatal error: netdir.h: No such file or directory
 #define `echo "HAVE_$ac_header" | $as_tr_cpp` 1
          ^~~~~~~~~~
compilation terminated.
configure:3263: $? = 1
configure: failed program was:
| #line 3211 "configure"
| /* confdefs.h.  */
| 
| #define PACKAGE_NAME ""
| #define PACKAGE_TARNAME ""
| #define PACKAGE_VERSION ""
| #define PACKAGE_STRING ""
| #define PACKAGE_BUGREPORT ""
| #define CPU_VENDOR_OS "x86_64-unknown-linux-gnu"
| #define HAVE_LIBPTHREAD 1
| #define STDC_HEADERS 1
| #define HAVE_SYS_TYPES_H 1
| #define HAVE_SYS_SOCKET_H 1
| #define HAVE_SYS_TIME_H 1
| #define HAVE_TIME_H 1
| #define HAVE_NETINET_IN_H 1
| #define HAVE_ARPA_INET_H 1
| #define HAVE_ERRNO_H 1
| #define HAVE_FCNTL_H 1
| #define HAVE_NETDB_H 1
| #define HAVE_SIGNAL_H 1
| #define HAVE_STDIO_H 1
| #define HAVE_STDLIB_H 1
| #define HAVE_STRING_H 1
| #define HAVE_SYS_STAT_H 1
| #define HAVE_SYS_UIO_H 1
| #define HAVE_UNISTD_H 1
| #define HAVE_SYS_WAIT_H 1
| #define HAVE_SYS_UN_H 1
| #define HAVE_SYS_PARAM_H 1
| #define HAVE_SYS_SELECT_H 1
| #define HAVE_SYS_SYSCTL_H 1
| #define HAVE_POLL_H 1
| #define HAVE_STRINGS_H 1
| #define HAVE_SYS_IOCTL_H 1
| #define HAVE_PTHREAD_H 1
| /* end confdefs.h.  */
| 
| #include <stdio.h>
| #if HAVE_SYS_TYPES_H
| # include <sys/types.h>
| #endif
| #if HAVE_SYS_STAT_H
| # include <sys/stat.h>
| #endif
| #if STDC_HEADERS
| # include <stdlib.h>
| # include <stddef.h>
| #else
| # if HAVE_STDLIB_H
| #  include <stdlib.h>
| # endif
| #endif
| #if HAVE_STRING_H
| # if !STDC_HEADERS && HAVE_MEMORY_H
| #  include <memory.h>
| # endif
| # include <string.h>
| #endif
| #if HAVE_STRINGS_H
| # include <strings.h>
| #endif
| #if HAVE_INTTYPES_H
| # include <inttypes.h>
| #else
| # if HAVE_STDINT_H
| #  include <stdint.h>
| # endif
| #endif
| #if HAVE_UNISTD_H
| # include <unistd.h>
| #endif
| #if HAVE_SYS_PARAM_H
| # include <sys/param.h>
| #endif
| 
| #include <netdir.h>
configure:3280: result: no
configure:3206: checking for stropts.h
configure:3260: gcc -c -g -O2 -D_REENTRANT  conftest.c >&5
configure:3263: $? = 0
configure:3266: test -s conftest.o
configure:3269: $? = 0
configure:3280: result: yes
configure:3292: checking whether time.h and sys/time.h may both be included
configure:3318: gcc -c -g -O2 -D_REENTRANT  conftest.c >&5
configure:3321: $? = 0
configure:3324: test -s conftest.o
configure:3327: $? = 0
configure:3338: result: yes
configure:3348: checking if uint8_t defined
configure:3440: gcc -c -g -O2 -D_REENTRANT  conftest.c >&5
configure:3443: $? = 0
configure:3446: test -s conftest.o
configure:3449: $? = 0
configure:3461: result: yes
configure:3471: checking if int16_t defined
configure:3563: gcc -c -g -O2 -D_REENTRANT  conftest.c >&5
configure:3566: $? = 0
configure:3569: test -s conftest.o
configure:3572: $? = 0
configure:3584: result: yes
configure:3594: checking if uint16_t defined
configure:3686: gcc -c -g -O2 -D_REENTRANT  conftest.c >&5
configure:3689: $? = 0
configure:3692: test -s conftest.o
configure:3695: $? = 0
configure:3707: result: yes
configure:3717: checking if int32_t defined
configure:3809: gcc -c -g -O2 -D_REENTRANT  conftest.c >&5
configure:3812: $? = 0
configure:3815: test -s conftest.o
configure:3818: $? = 0
configure:3830: result: yes
configure:3840: checking if uint32_t defined
configure:3932: gcc -c -g -O2 -D_REENTRANT  conftest.c >&5
configure:3935: $? = 0
configure:3938: test -s conftest.o
configure:3941: $? = 0
configure:3953: result: yes
configure:3963: checking if size_t defined
configure:4055: gcc -c -g -O2 -D_REENTRANT  conftest.c >&5
configure:4058: $? = 0
configure:4061: test -s conftest.o
configure:4064: $? = 0
configure:4076: result: yes
configure:4086: checking if ssize_t defined
configure:4178: gcc -c -g -O2 -D_REENTRANT  conftest.c >&5
configure:4181: $? = 0
configure:4184: test -s conftest.o
configure:4187: $? = 0
configure:4199: result: yes
configure:4209: checking if socklen_t defined
configure:4301: gcc -c -g -O2 -D_REENTRANT  conftest.c >&5
configure:4304: $? = 0
configure:4307: test -s conftest.o
configure:4310: $? = 0
configure:4322: result: yes
configure:4332: checking if sa_family_t defined
configure:4424: gcc -c -g -O2 -D_REENTRANT  conftest.c >&5
configure:4427: $? = 0
configure:4430: test -s conftest.o
configure:4433: $? = 0
configure:4445: result: yes
configure:4456: checking if t_scalar_t defined
configure:4563: gcc -c -g -O2 -D_REENTRANT  conftest.c >&5
configure:4566: $? = 0
configure:4569: test -s conftest.o
configure:4572: $? = 0
configure:4584: result: yes
configure:4594: checking if t_uscalar_t defined
configure:4701: gcc -c -g -O2 -D_REENTRANT  conftest.c >&5
configure:4704: $? = 0
configure:4707: test -s conftest.o
configure:4710: $? = 0
configure:4722: result: yes
configure:4733: checking for struct sockaddr.sa_len
configure:4760: gcc -c -g -O2 -D_REENTRANT  conftest.c >&5
configure: In function 'main':
configure:4784:12: error: 'struct sockaddr' has no member named 'sa_len'
 /* end confdefs.h.  */
            ^
configure:4763: $? = 1
configure: failed program was:
| #line 4738 "configure"
| /* confdefs.h.  */
| 
| #define PACKAGE_NAME ""
| #define PACKAGE_TARNAME ""
| #define PACKAGE_VERSION ""
| #define PACKAGE_STRING ""
| #define PACKAGE_BUGREPORT ""
| #define CPU_VENDOR_OS "x86_64-unknown-linux-gnu"
| #define HAVE_LIBPTHREAD 1
| #define STDC_HEADERS 1
| #define HAVE_SYS_TYPES_H 1
| #define HAVE_SYS_SOCKET_H 1
| #define HAVE_SYS_TIME_H 1
| #define HAVE_TIME_H 1
| #define HAVE_NETINET_IN_H 1
| #define HAVE_ARPA_INET_H 1
| #define HAVE_ERRNO_H 1
| #define HAVE_FCNTL_H 1
| #define HAVE_NETDB_H 1
| #define HAVE_SIGNAL_H 1
| #define HAVE_STDIO_H 1
| #define HAVE_STDLIB_H 1
| #define HAVE_STRING_H 1
| #define HAVE_SYS_STAT_H 1
| #define HAVE_SYS_UIO_H 1
| #define HAVE_UNISTD_H 1
| #define HAVE_SYS_WAIT_H 1
| #define HAVE_SYS_UN_H 1
| #define HAVE_SYS_PARAM_H 1
| #define HAVE_SYS_SELECT_H 1
| #define HAVE_SYS_SYSCTL_H 1
| #define HAVE_POLL_H 1
| #define HAVE_STRINGS_H 1
| #define HAVE_SYS_IOCTL_H 1
| #define HAVE_PTHREAD_H 1
| #define HAVE_STROPTS_H 1
| #define TIME_WITH_SYS_TIME 1
| /* end confdefs.h.  */
| 
| #include <sys/types.h>
| #include <sys/socket.h>
| 
| int
| main ()
| {
| static struct sockaddr ac_aggr;
| if (ac_aggr.sa_len)
| return 0;
|   ;
|   return 0;
| }
configure:4798: gcc -c -g -O2 -D_REENTRANT  conftest.c >&5
configure: In function 'main':
configure:4822:19: error: 'struct sockaddr' has no member named 'sa_len'
 echo "$as_me:$LINENO: result: $ac_cv_member_struct_sockaddr_sa_len" >&5
                   ^
configure:4801: $? = 1
configure: failed program was:
| #line 4776 "configure"
| /* confdefs.h.  */
| 
| #define PACKAGE_NAME ""
| #define PACKAGE_TARNAME ""
| #define PACKAGE_VERSION ""
| #define PACKAGE_STRING ""
| #define PACKAGE_BUGREPORT ""
| #define CPU_VENDOR_OS "x86_64-unknown-linux-gnu"
| #define HAVE_LIBPTHREAD 1
| #define STDC_HEADERS 1
| #define HAVE_SYS_TYPES_H 1
| #define HAVE_SYS_SOCKET_H 1
| #define HAVE_SYS_TIME_H 1
| #define HAVE_TIME_H 1
| #define HAVE_NETINET_IN_H 1
| #define HAVE_ARPA_INET_H 1
| #define HAVE_ERRNO_H 1
| #define HAVE_FCNTL_H 1
| #define HAVE_NETDB_H 1
| #define HAVE_SIGNAL_H 1
| #define HAVE_STDIO_H 1
| #define HAVE_STDLIB_H 1
| #define HAVE_STRING_H 1
| #define HAVE_SYS_STAT_H 1
| #define HAVE_SYS_UIO_H 1
| #define HAVE_UNISTD_H 1
| #define HAVE_SYS_WAIT_H 1
| #define HAVE_SYS_UN_H 1
| #define HAVE_SYS_PARAM_H 1
| #define HAVE_SYS_SELECT_H 1
| #define HAVE_SYS_SYSCTL_H 1
| #define HAVE_POLL_H 1
| #define HAVE_STRINGS_H 1
| #define HAVE_SYS_IOCTL_H 1
| #define HAVE_PTHREAD_H 1
| #define HAVE_STROPTS_H 1
| #define TIME_WITH_SYS_TIME 1
| /* end confdefs.h.  */
| 
| #include <sys/types.h>
| #include <sys/socket.h>
| 
| int
| main ()
| {
| static struct sockaddr ac_aggr;
| if (sizeof ac_aggr.sa_len)
| return 0;
|   ;
|   return 0;
| }
configure:4820: result: no
configure:4846: checking for struct sockaddr_storage
configure:4874: gcc -c -g -O2 -D_REENTRANT  conftest.c >&5
configure:4877: $? = 0
configure:4880: test -s conftest.o
configure:4883: $? = 0
configure:4894: result: yes
configure:4902: checking for struct sockaddr_storage.ss_family
configure:4929: gcc -c -g -O2 -D_REENTRANT  conftest.c >&5
configure:4932: $? = 0
configure:4935: test -s conftest.o
configure:4938: $? = 0
configure:4989: result: yes
configure:5100: checking for struct msghdr.msg_control
configure:5127: gcc -c -g -O2 -D_REENTRANT  conftest.c >&5
configure:5130: $? = 0
configure:5133: test -s conftest.o
configure:5136: $? = 0
configure:5187: result: yes
configure:5198: checking for struct ifreq.ifr_mtu
configure:5225: gcc -c -g -O2 -D_REENTRANT  conftest.c >&5
configure:5228: $? = 0
configure:5231: test -s conftest.o
configure:5234: $? = 0
configure:5285: result: yes
configure:5297: checking for getaddrinfo function prototype in netdb.h
configure:5321: result: yes
configure:5331: checking for getnameinfo function prototype in netdb.h
configure:5355: result: yes
configure:5365: checking for gethostname function prototype in unistd.h
configure:5389: result: yes
configure:5399: checking for getrusage function prototype in sys/resource.h
configure:5423: result: yes
configure:5433: checking for hstrerror function prototype in netdb.h
configure:5457: result: yes
configure:5467: checking for if_nametoindex function prototype in net/if.h
configure:5491: result: yes
configure:5501: checking for inet_aton function prototype in arpa/inet.h
configure:5525: result: yes
configure:5535: checking for inet_pton function prototype in arpa/inet.h
configure:5559: result: yes
configure:5569: checking for pselect function prototype in sys/select.h
configure:5593: result: yes
configure:5603: checking for snprintf function prototype in stdio.h
configure:5627: result: yes
configure:5637: checking for sockatmark function prototype in sys/socket.h
configure:5661: result: yes
configure:5694: checking for struct addrinfo
configure:5721: gcc -c -g -O2 -D_REENTRANT  conftest.c >&5
configure:5724: $? = 0
configure:5727: test -s conftest.o
configure:5730: $? = 0
configure:5741: result: yes
configure:5752: checking for struct if_nameindex
configure:5781: gcc -c -g -O2 -D_REENTRANT  conftest.c >&5
configure:5784: $? = 0
configure:5787: test -s conftest.o
configure:5790: $? = 0
configure:5801: result: yes
configure:5812: checking for struct sockaddr_dl
configure:5841: gcc -c -g -O2 -D_REENTRANT  conftest.c >&5
configure:5874:10: fatal error: net/if_dl.h: No such file or directory
 echo "$as_me:$LINENO: checking for struct timespec" >&5
          ^~~~~~~~~~~~~
compilation terminated.
configure:5844: $? = 1
configure: failed program was:
| #line 5817 "configure"
| /* confdefs.h.  */
| 
| #define PACKAGE_NAME ""
| #define PACKAGE_TARNAME ""
| #define PACKAGE_VERSION ""
| #define PACKAGE_STRING ""
| #define PACKAGE_BUGREPORT ""
| #define CPU_VENDOR_OS "x86_64-unknown-linux-gnu"
| #define HAVE_LIBPTHREAD 1
| #define STDC_HEADERS 1
| #define HAVE_SYS_TYPES_H 1
| #define HAVE_SYS_SOCKET_H 1
| #define HAVE_SYS_TIME_H 1
| #define HAVE_TIME_H 1
| #define HAVE_NETINET_IN_H 1
| #define HAVE_ARPA_INET_H 1
| #define HAVE_ERRNO_H 1
| #define HAVE_FCNTL_H 1
| #define HAVE_NETDB_H 1
| #define HAVE_SIGNAL_H 1
| #define HAVE_STDIO_H 1
| #define HAVE_STDLIB_H 1
| #define HAVE_STRING_H 1
| #define HAVE_SYS_STAT_H 1
| #define HAVE_SYS_UIO_H 1
| #define HAVE_UNISTD_H 1
| #define HAVE_SYS_WAIT_H 1
| #define HAVE_SYS_UN_H 1
| #define HAVE_SYS_PARAM_H 1
| #define HAVE_SYS_SELECT_H 1
| #define HAVE_SYS_SYSCTL_H 1
| #define HAVE_POLL_H 1
| #define HAVE_STRINGS_H 1
| #define HAVE_SYS_IOCTL_H 1
| #define HAVE_PTHREAD_H 1
| #define HAVE_STROPTS_H 1
| #define TIME_WITH_SYS_TIME 1
| #define HAVE_STRUCT_SOCKADDR_STORAGE 1
| #define HAVE_MSGHDR_MSG_CONTROL 1
| #define HAVE_STRUCT_IFREQ_IFR_MTU 1
| #define HAVE_GETADDRINFO_PROTO 1
| #define HAVE_GETNAMEINFO_PROTO 1
| #define HAVE_GETHOSTNAME_PROTO 1
| #define HAVE_GETRUSAGE_PROTO 1
| #define HAVE_HSTRERROR_PROTO 1
| #define HAVE_IF_NAMETOINDEX_PROTO 1
| #define HAVE_INET_ATON_PROTO 1
| #define HAVE_INET_PTON_PROTO 1
| #define HAVE_PSELECT_PROTO 1
| #define HAVE_SNPRINTF_PROTO 1
| #define HAVE_SOCKATMARK_PROTO 1
| #define HAVE_ADDRINFO_STRUCT 1
| #define HAVE_IF_NAMEINDEX_STRUCT 1
| /* end confdefs.h.  */
| 
| #include <sys/types.h>
| #include <sys/socket.h>
| #include <net/if_dl.h>
| 
| int
| main ()
| {
| if ((struct sockaddr_dl *) 0)
|   return 0;
| if (sizeof (struct sockaddr_dl))
|   return 0;
|   ;
|   return 0;
| }
configure:5861: result: no
configure:5872: checking for struct timespec
configure:5909: gcc -c -g -O2 -D_REENTRANT  conftest.c >&5
configure:5912: $? = 0
configure:5915: test -s conftest.o
configure:5918: $? = 0
configure:5929: result: yes
configure:5940: checking for /dev/tcp
configure:5951: result: no
configure:5954: checking for /dev/xti/tcp
configure:5965: result: no
configure:5968: checking for /dev/streams/xtiso/tcp
configure:5979: result: no
configure:5989: checking for bzero
configure:6039: gcc -o conftest -g -O2 -D_REENTRANT   conftest.c -lpthread  >&5
configure:6065:6: warning: conflicting types for built-in function 'bzero' [-Wbuiltin-declaration-mismatch]
 #define `echo "HAVE_$ac_func" | $as_tr_cpp` 1
      ^~~~~
configure:6042: $? = 0
configure:6045: test -s conftest
configure:6048: $? = 0
configure:6059: result: yes
configure:6073: checking for getaddrinfo
configure:6123: gcc -o conftest -g -O2 -D_REENTRANT   conftest.c -lpthread  >&5
configure:6126: $? = 0
configure:6129: test -s conftest
configure:6132: $? = 0
configure:6143: result: yes
configure:6157: checking for gethostname
configure:6207: gcc -o conftest -g -O2 -D_REENTRANT   conftest.c -lpthread  >&5
configure:6210: $? = 0
configure:6213: test -s conftest
configure:6216: $? = 0
configure:6227: result: yes
configure:6241: checking for gethostbyname2
configure:6291: gcc -o conftest -g -O2 -D_REENTRANT   conftest.c -lpthread  >&5
configure:6294: $? = 0
configure:6297: test -s conftest
configure:6300: $? = 0
configure:6311: result: yes
configure:6325: checking for gethostbyname_r
configure:6375: gcc -o conftest -g -O2 -D_REENTRANT   conftest.c -lpthread  >&5
configure:6378: $? = 0
configure:6381: test -s conftest
configure:6384: $? = 0
configure:6395: result: yes
configure:6409: checking for getnameinfo
configure:6459: gcc -o conftest -g -O2 -D_REENTRANT   conftest.c -lpthread  >&5
configure:6462: $? = 0
configure:6465: test -s conftest
configure:6468: $? = 0
configure:6479: result: yes
configure:6493: checking for hstrerror
configure:6543: gcc -o conftest -g -O2 -D_REENTRANT   conftest.c -lpthread  >&5
configure:6546: $? = 0
configure:6549: test -s conftest
configure:6552: $? = 0
configure:6563: result: yes
configure:6577: checking for if_nametoindex
configure:6627: gcc -o conftest -g -O2 -D_REENTRANT   conftest.c -lpthread  >&5
configure:6630: $? = 0
configure:6633: test -s conftest
configure:6636: $? = 0
configure:6647: result: yes
configure:6661: checking for inet_aton
configure:6711: gcc -o conftest -g -O2 -D_REENTRANT   conftest.c -lpthread  >&5
configure:6714: $? = 0
configure:6717: test -s conftest
configure:6720: $? = 0
configure:6731: result: yes
configure:6745: checking for inet_pton
configure:6795: gcc -o conftest -g -O2 -D_REENTRANT   conftest.c -lpthread  >&5
configure:6798: $? = 0
configure:6801: test -s conftest
configure:6804: $? = 0
configure:6815: result: yes
configure:6829: checking for inet6_rth_init
configure:6879: gcc -o conftest -g -O2 -D_REENTRANT   conftest.c -lpthread  >&5
configure:6882: $? = 0
configure:6885: test -s conftest
configure:6888: $? = 0
configure:6899: result: yes
configure:6914: checking for kqueue
configure:6964: gcc -o conftest -g -O2 -D_REENTRANT   conftest.c -lpthread  >&5
/bin/ld: /tmp/ccZ3Ih3d.o: in function `main':
/home/wangying/Desktop/unpv13e/configure:7017: undefined reference to `kqueue'
/bin/ld: /tmp/ccZ3Ih3d.o:/home/wangying/Desktop/unpv13e/configure:7008: undefined reference to `kqueue'
collect2: error: ld returned 1 exit status
configure:6967: $? = 1
configure: failed program was:
| #line 6919 "configure"
| /* confdefs.h.  */
| 
| #define PACKAGE_NAME ""
| #define PACKAGE_TARNAME ""
| #define PACKAGE_VERSION ""
| #define PACKAGE_STRING ""
| #define PACKAGE_BUGREPORT ""
| #define CPU_VENDOR_OS "x86_64-unknown-linux-gnu"
| #define HAVE_LIBPTHREAD 1
| #define STDC_HEADERS 1
| #define HAVE_SYS_TYPES_H 1
| #define HAVE_SYS_SOCKET_H 1
| #define HAVE_SYS_TIME_H 1
| #define HAVE_TIME_H 1
| #define HAVE_NETINET_IN_H 1
| #define HAVE_ARPA_INET_H 1
| #define HAVE_ERRNO_H 1
| #define HAVE_FCNTL_H 1
| #define HAVE_NETDB_H 1
| #define HAVE_SIGNAL_H 1
| #define HAVE_STDIO_H 1
| #define HAVE_STDLIB_H 1
| #define HAVE_STRING_H 1
| #define HAVE_SYS_STAT_H 1
| #define HAVE_SYS_UIO_H 1
| #define HAVE_UNISTD_H 1
| #define HAVE_SYS_WAIT_H 1
| #define HAVE_SYS_UN_H 1
| #define HAVE_SYS_PARAM_H 1
| #define HAVE_SYS_SELECT_H 1
| #define HAVE_SYS_SYSCTL_H 1
| #define HAVE_POLL_H 1
| #define HAVE_STRINGS_H 1
| #define HAVE_SYS_IOCTL_H 1
| #define HAVE_PTHREAD_H 1
| #define HAVE_STROPTS_H 1
| #define TIME_WITH_SYS_TIME 1
| #define HAVE_STRUCT_SOCKADDR_STORAGE 1
| #define HAVE_MSGHDR_MSG_CONTROL 1
| #define HAVE_STRUCT_IFREQ_IFR_MTU 1
| #define HAVE_GETADDRINFO_PROTO 1
| #define HAVE_GETNAMEINFO_PROTO 1
| #define HAVE_GETHOSTNAME_PROTO 1
| #define HAVE_GETRUSAGE_PROTO 1
| #define HAVE_HSTRERROR_PROTO 1
| #define HAVE_IF_NAMETOINDEX_PROTO 1
| #define HAVE_INET_ATON_PROTO 1
| #define HAVE_INET_PTON_PROTO 1
| #define HAVE_PSELECT_PROTO 1
| #define HAVE_SNPRINTF_PROTO 1
| #define HAVE_SOCKATMARK_PROTO 1
| #define HAVE_ADDRINFO_STRUCT 1
| #define HAVE_IF_NAMEINDEX_STRUCT 1
| #define HAVE_TIMESPEC_STRUCT 1
| #define HAVE_BZERO 1
| #define HAVE_GETADDRINFO 1
| #define HAVE_GETHOSTNAME 1
| #define HAVE_GETHOSTBYNAME2 1
| #define HAVE_GETHOSTBYNAME_R 1
| #define HAVE_GETNAMEINFO 1
| #define HAVE_HSTRERROR 1
| #define HAVE_IF_NAMETOINDEX 1
| #define HAVE_INET_ATON 1
| #define HAVE_INET_PTON 1
| #define HAVE_INET6_RTH_INIT 1
| /* end confdefs.h.  */
| /* System header to define __stub macros and hopefully few prototypes,
|     which can conflict with char kqueue (); below.
|     Prefer <limits.h> to <assert.h> if __STDC__ is defined, since
|     <limits.h> exists even on freestanding compilers.  */
| #ifdef __STDC__
| # include <limits.h>
| #else
| # include <assert.h>
| #endif
| /* Override any gcc2 internal prototype to avoid an error.  */
| #ifdef __cplusplus
| extern "C"
| {
| #endif
| /* We use char because int might match the return type of a gcc2
|    builtin and then its argument prototype would still apply.  */
| char kqueue ();
| /* The GNU C library defines this for functions which it implements
|     to always fail with ENOSYS.  Some functions are actually named
|     something starting with __ and the normal name is an alias.  */
| #if defined (__stub_kqueue) || defined (__stub___kqueue)
| choke me
| #else
| char (*f) () = kqueue;
| #endif
| #ifdef __cplusplus
| }
| #endif
| 
| int
| main ()
| {
| return f != kqueue;
|   ;
|   return 0;
| }
configure:6984: result: no
configure:6914: checking for kevent
configure:6964: gcc -o conftest -g -O2 -D_REENTRANT   conftest.c -lpthread  >&5
/bin/ld: /tmp/cclBDWqi.o: in function `main':
/home/wangying/Desktop/unpv13e/configure:7017: undefined reference to `kevent'
/bin/ld: /tmp/cclBDWqi.o:/home/wangying/Desktop/unpv13e/configure:7008: undefined reference to `kevent'
collect2: error: ld returned 1 exit status
configure:6967: $? = 1
configure: failed program was:
| #line 6919 "configure"
| /* confdefs.h.  */
| 
| #define PACKAGE_NAME ""
| #define PACKAGE_TARNAME ""
| #define PACKAGE_VERSION ""
| #define PACKAGE_STRING ""
| #define PACKAGE_BUGREPORT ""
| #define CPU_VENDOR_OS "x86_64-unknown-linux-gnu"
| #define HAVE_LIBPTHREAD 1
| #define STDC_HEADERS 1
| #define HAVE_SYS_TYPES_H 1
| #define HAVE_SYS_SOCKET_H 1
| #define HAVE_SYS_TIME_H 1
| #define HAVE_TIME_H 1
| #define HAVE_NETINET_IN_H 1
| #define HAVE_ARPA_INET_H 1
| #define HAVE_ERRNO_H 1
| #define HAVE_FCNTL_H 1
| #define HAVE_NETDB_H 1
| #define HAVE_SIGNAL_H 1
| #define HAVE_STDIO_H 1
| #define HAVE_STDLIB_H 1
| #define HAVE_STRING_H 1
| #define HAVE_SYS_STAT_H 1
| #define HAVE_SYS_UIO_H 1
| #define HAVE_UNISTD_H 1
| #define HAVE_SYS_WAIT_H 1
| #define HAVE_SYS_UN_H 1
| #define HAVE_SYS_PARAM_H 1
| #define HAVE_SYS_SELECT_H 1
| #define HAVE_SYS_SYSCTL_H 1
| #define HAVE_POLL_H 1
| #define HAVE_STRINGS_H 1
| #define HAVE_SYS_IOCTL_H 1
| #define HAVE_PTHREAD_H 1
| #define HAVE_STROPTS_H 1
| #define TIME_WITH_SYS_TIME 1
| #define HAVE_STRUCT_SOCKADDR_STORAGE 1
| #define HAVE_MSGHDR_MSG_CONTROL 1
| #define HAVE_STRUCT_IFREQ_IFR_MTU 1
| #define HAVE_GETADDRINFO_PROTO 1
| #define HAVE_GETNAMEINFO_PROTO 1
| #define HAVE_GETHOSTNAME_PROTO 1
| #define HAVE_GETRUSAGE_PROTO 1
| #define HAVE_HSTRERROR_PROTO 1
| #define HAVE_IF_NAMETOINDEX_PROTO 1
| #define HAVE_INET_ATON_PROTO 1
| #define HAVE_INET_PTON_PROTO 1
| #define HAVE_PSELECT_PROTO 1
| #define HAVE_SNPRINTF_PROTO 1
| #define HAVE_SOCKATMARK_PROTO 1
| #define HAVE_ADDRINFO_STRUCT 1
| #define HAVE_IF_NAMEINDEX_STRUCT 1
| #define HAVE_TIMESPEC_STRUCT 1
| #define HAVE_BZERO 1
| #define HAVE_GETADDRINFO 1
| #define HAVE_GETHOSTNAME 1
| #define HAVE_GETHOSTBYNAME2 1
| #define HAVE_GETHOSTBYNAME_R 1
| #define HAVE_GETNAMEINFO 1
| #define HAVE_HSTRERROR 1
| #define HAVE_IF_NAMETOINDEX 1
| #define HAVE_INET_ATON 1
| #define HAVE_INET_PTON 1
| #define HAVE_INET6_RTH_INIT 1
| /* end confdefs.h.  */
| /* System header to define __stub macros and hopefully few prototypes,
|     which can conflict with char kevent (); below.
|     Prefer <limits.h> to <assert.h> if __STDC__ is defined, since
|     <limits.h> exists even on freestanding compilers.  */
| #ifdef __STDC__
| # include <limits.h>
| #else
| # include <assert.h>
| #endif
| /* Override any gcc2 internal prototype to avoid an error.  */
| #ifdef __cplusplus
| extern "C"
| {
| #endif
| /* We use char because int might match the return type of a gcc2
|    builtin and then its argument prototype would still apply.  */
| char kevent ();
| /* The GNU C library defines this for functions which it implements
|     to always fail with ENOSYS.  Some functions are actually named
|     something starting with __ and the normal name is an alias.  */
| #if defined (__stub_kevent) || defined (__stub___kevent)
| choke me
| #else
| char (*f) () = kevent;
| #endif
| #ifdef __cplusplus
| }
| #endif
| 
| int
| main ()
| {
| return f != kevent;
|   ;
|   return 0;
| }
configure:6984: result: no
configure:6998: checking for mkstemp
configure:7048: gcc -o conftest -g -O2 -D_REENTRANT   conftest.c -lpthread  >&5
configure:7051: $? = 0
configure:7054: test -s conftest
configure:7057: $? = 0
configure:7068: result: yes
configure:7082: checking for poll
configure:7132: gcc -o conftest -g -O2 -D_REENTRANT   conftest.c -lpthread  >&5
configure:7135: $? = 0
configure:7138: test -s conftest
configure:7141: $? = 0
configure:7152: result: yes
configure:7166: checking for pselect
configure:7216: gcc -o conftest -g -O2 -D_REENTRANT   conftest.c -lpthread  >&5
configure:7219: $? = 0
configure:7222: test -s conftest
configure:7225: $? = 0
configure:7236: result: yes
configure:7250: checking for snprintf
configure:7300: gcc -o conftest -g -O2 -D_REENTRANT   conftest.c -lpthread  >&5
configure:7340:6: warning: conflicting types for built-in function 'snprintf' [-Wbuiltin-declaration-mismatch]
 else
      ^       
configure:7303: $? = 0
configure:7306: test -s conftest
configure:7309: $? = 0
configure:7320: result: yes
configure:7334: checking for sockatmark
configure:7384: gcc -o conftest -g -O2 -D_REENTRANT   conftest.c -lpthread  >&5
configure:7387: $? = 0
configure:7390: test -s conftest
configure:7393: $? = 0
configure:7404: result: yes
configure:7418: checking for vsnprintf
configure:7468: gcc -o conftest -g -O2 -D_REENTRANT   conftest.c -lpthread  >&5
configure:7510:6: warning: conflicting types for built-in function 'vsnprintf' [-Wbuiltin-declaration-mismatch]
   cat >conftest.$ac_ext <<_ACEOF
      ^~~~~~~~~
configure:7471: $? = 0
configure:7474: test -s conftest
configure:7477: $? = 0
configure:7488: result: yes
configure:7500: checking for IPv4 support
configure:7531: gcc -o conftest -g -O2 -D_REENTRANT   conftest.c -lpthread  >&5
configure:7587:2: warning: return type defaults to 'int' [-Wimplicit-int]
 # include <sys/types.h>
  ^~~~
configure: In function 'main':
configure:7592:3: warning: implicit declaration of function 'exit' [-Wimplicit-function-declaration]
   */
   ^~  
configure:7592:3: warning: incompatible implicit declaration of built-in function 'exit'
configure:7592:3: note: include '<stdlib.h>' or provide a declaration of 'exit'
configure:7584:1:
+#include <stdlib.h>
 cat >>conftest.$ac_ext <<_ACEOF
configure:7592:3:
   */
   ^~  
configure:7534: $? = 0
configure:7536: ./conftest
configure:7539: $? = 0
configure:7554: result: yes
configure:7569: checking for IPv6 support
configure:7600: gcc -o conftest -g -O2 -D_REENTRANT   conftest.c -lpthread  >&5
configure:7658:2: warning: return type defaults to 'int' [-Wimplicit-int]
 # include <sys/un.h>
  ^~~~
configure: In function 'main':
configure:7663:3: warning: implicit declaration of function 'exit' [-Wimplicit-function-declaration]
  {
   ^   
configure:7663:3: warning: incompatible implicit declaration of built-in function 'exit'
configure:7663:3: note: include '<stdlib.h>' or provide a declaration of 'exit'
configure:7655:1:
+#include <stdlib.h>
 
configure:7663:3:
  {
   ^   
configure:7603: $? = 0
configure:7605: ./conftest
configure:7608: $? = 0
configure:7623: result: yes
configure:7638: checking for Unix domain sockets
configure:7669: gcc -o conftest -g -O2 -D_REENTRANT   conftest.c -lpthread  >&5
configure:7729:2: warning: return type defaults to 'int' [-Wimplicit-int]
  {
  ^   
configure: In function 'main':
configure:7734:3: warning: implicit declaration of function 'exit' [-Wimplicit-function-declaration]
   fd = socket(AF_INET, SOCK_DGRAM, 0);
   ^~~~
configure:7734:3: warning: incompatible implicit declaration of built-in function 'exit'
configure:7734:3: note: include '<stdlib.h>' or provide a declaration of 'exit'
configure:7726:1:
+#include <stdlib.h>
 # include <sys/socket.h>
configure:7734:3:
   fd = socket(AF_INET, SOCK_DGRAM, 0);
   ^~~~
configure:7672: $? = 0
configure:7674: ./conftest
configure:7677: $? = 0
configure:7692: result: yes
configure:7707: checking for multicast support
configure:7741: gcc -o conftest -g -O2 -D_REENTRANT   conftest.c -lpthread  >&5
configure:7797:2: warning: return type defaults to 'int' [-Wimplicit-int]
    LIB_OBJS="$LIB_OBJS mcast_set_if.o mcast_set_loop.o mcast_set_ttl.o"
  ^ ~~
configure: In function 'main':
configure:7804:15: warning: implicit declaration of function 'exit' [-Wimplicit-function-declaration]
 LIB_OBJS="$LIB_OBJS readline.o"
               ^~~~
configure:7804:15: warning: incompatible implicit declaration of built-in function 'exit'
configure:7804:15: note: include '<stdlib.h>' or provide a declaration of 'exit'
configure:7797:1:
+#include <stdlib.h>
    LIB_OBJS="$LIB_OBJS mcast_set_if.o mcast_set_loop.o mcast_set_ttl.o"
configure:7804:15:
 LIB_OBJS="$LIB_OBJS readline.o"
               ^~~~
configure:7807:4: warning: incompatible implicit declaration of built-in function 'exit'
 LIB_OBJS="$LIB_OBJS rtt.o"
    ^~~~
configure:7807:4: note: include '<stdlib.h>' or provide a declaration of 'exit'
configure:7808:3: warning: incompatible implicit declaration of built-in function 'exit'
 LIB_OBJS="$LIB_OBJS signal.o"
   ^~~~
configure:7808:3: note: include '<stdlib.h>' or provide a declaration of 'exit'
configure:7744: $? = 0
configure:7746: ./conftest
configure:7749: $? = 0
configure:7764: result: yes
configure:7900: checking for -I/home/wangying/doc/unp2ev1/src/include
configure:7907: result: no
configure:8021: creating ./config.status

## ---------------------- ##
## Running config.status. ##
## ---------------------- ##

This file was extended by config.status, which was
generated by GNU Autoconf 2.57.  Invocation command line was

  CONFIG_FILES    = 
  CONFIG_HEADERS  = 
  CONFIG_LINKS    = 
  CONFIG_COMMANDS = 
  $ ./config.status 

on manjaro

config.status:614: creating Makefile
config.status:614: creating Make.defines
config.status:717: creating config.h

## ---------------- ##
## Cache variables. ##
## ---------------- ##

ac_cv_build=x86_64-unknown-linux-gnu
ac_cv_build_alias=x86_64-unknown-linux-gnu
ac_cv_c_compiler_gnu=yes
ac_cv_env_CC_set=
ac_cv_env_CC_value=
ac_cv_env_CFLAGS_set=
ac_cv_env_CFLAGS_value=
ac_cv_env_CPPFLAGS_set=
ac_cv_env_CPPFLAGS_value=
ac_cv_env_CPP_set=
ac_cv_env_CPP_value=
ac_cv_env_LDFLAGS_set=
ac_cv_env_LDFLAGS_value=
ac_cv_env_build_alias_set=
ac_cv_env_build_alias_value=
ac_cv_env_host_alias_set=
ac_cv_env_host_alias_value=
ac_cv_env_target_alias_set=
ac_cv_env_target_alias_value=
ac_cv_exeext=
ac_cv_func_bzero=yes
ac_cv_func_getaddrinfo=yes
ac_cv_func_gethostbyname2=yes
ac_cv_func_gethostbyname_r=yes
ac_cv_func_gethostname=yes
ac_cv_func_getnameinfo=yes
ac_cv_func_hstrerror=yes
ac_cv_func_if_nametoindex=yes
ac_cv_func_inet6_rth_init=yes
ac_cv_func_inet_aton=yes
ac_cv_func_inet_pton=yes
ac_cv_func_kevent=no
ac_cv_func_kqueue=no
ac_cv_func_mkstemp=yes
ac_cv_func_poll=yes
ac_cv_func_pselect=yes
ac_cv_func_snprintf=yes
ac_cv_func_sockatmark=yes
ac_cv_func_vsnprintf=yes
ac_cv_have_getaddrinfo_proto=yes
ac_cv_have_gethostname_proto=yes
ac_cv_have_getnameinfo_proto=yes
ac_cv_have_getrusage_proto=yes
ac_cv_have_hstrerror_proto=yes
ac_cv_have_if_nametoindex_proto=yes
ac_cv_have_inet_aton_proto=yes
ac_cv_have_inet_pton_proto=yes
ac_cv_have_pselect_proto=yes
ac_cv_have_snprintf_proto=yes
ac_cv_have_sockatmark_proto=yes
ac_cv_header_arpa_inet_h=yes
ac_cv_header_errno_h=yes
ac_cv_header_fcntl_h=yes
ac_cv_header_net_if_dl_h=no
ac_cv_header_netconfig_h=no
ac_cv_header_netdb_h=yes
ac_cv_header_netdir_h=no
ac_cv_header_netinet_in_h=yes
ac_cv_header_poll_h=yes
ac_cv_header_pthread_h=yes
ac_cv_header_signal_h=yes
ac_cv_header_stdc=yes
ac_cv_header_stdio_h=yes
ac_cv_header_stdlib_h=yes
ac_cv_header_string_h=yes
ac_cv_header_strings_h=yes
ac_cv_header_stropts_h=yes
ac_cv_header_sys_event_h=no
ac_cv_header_sys_filio_h=no
ac_cv_header_sys_ioctl_h=yes
ac_cv_header_sys_param_h=yes
ac_cv_header_sys_select_h=yes
ac_cv_header_sys_socket_h=yes
ac_cv_header_sys_sockio_h=no
ac_cv_header_sys_stat_h=yes
ac_cv_header_sys_sysctl_h=yes
ac_cv_header_sys_time_h=yes
ac_cv_header_sys_types_h=yes
ac_cv_header_sys_uio_h=yes
ac_cv_header_sys_un_h=yes
ac_cv_header_sys_wait_h=yes
ac_cv_header_time=yes
ac_cv_header_time_h=yes
ac_cv_header_unistd_h=yes
ac_cv_header_xti_h=no
ac_cv_header_xti_inet_h=no
ac_cv_host=x86_64-unknown-linux-gnu
ac_cv_host_alias=x86_64-unknown-linux-gnu
ac_cv_ipv4=yes
ac_cv_ipv6=yes
ac_cv_lib_nsl_t_open=no
ac_cv_lib_pthread_pthread_create=yes
ac_cv_lib_resolv_res_init=no
ac_cv_lib_xti_t_open=no
ac_cv_member_struct_ifreq_ifr_mtu=yes
ac_cv_member_struct_msghdr_msg_control=yes
ac_cv_member_struct_sockaddr_sa_len=no
ac_cv_member_struct_sockaddr_storage_ss_family=yes
ac_cv_multicast=yes
ac_cv_objext=o
ac_cv_prog_CPP='gcc -E'
ac_cv_prog_ac_ct_CC=gcc
ac_cv_prog_ac_ct_RANLIB=ranlib
ac_cv_prog_cc_g=yes
ac_cv_prog_cc_stdc=
ac_cv_prog_egrep='grep -E'
ac_cv_search_socket='none required'
ac_cv_type_int16_t=yes
ac_cv_type_int32_t=yes
ac_cv_type_sa_family_t=yes
ac_cv_type_size_t=yes
ac_cv_type_socklen_t=yes
ac_cv_type_ssize_t=yes
ac_cv_type_struct_addrinfo=yes
ac_cv_type_struct_if_nameindex=yes
ac_cv_type_struct_sockaddr_dl=no
ac_cv_type_struct_sockaddr_storage=yes
ac_cv_type_struct_timespec=yes
ac_cv_type_t_scalar_t=yes
ac_cv_type_t_uscalar_t=yes
ac_cv_type_uint16_t=yes
ac_cv_type_uint32_t=yes
ac_cv_type_uint8_t=yes
ac_cv_unixdomain=yes

## ----------------- ##
## Output variables. ##
## ----------------- ##

CC='gcc'
CFLAGS='-g -O2 -D_REENTRANT -Wall'
CPP='gcc -E'
CPPFLAGS=''
DEFS='-DHAVE_CONFIG_H'
ECHO_C=''
ECHO_N='-n'
ECHO_T=''
EGREP='grep -E'
EXEEXT=''
LDFLAGS=''
LIBFREE_OBJS=' in_cksum.o inet_ntop.o inet_pton.o'
LIBGAI_OBJS=''
LIBOBJS=''
LIBROUTE_OBJS='get_rtaddrs.o if_indextoname.o if_nameindex.o if_nametoindex.o net_rt_iflist.o net_rt_dump.o sock_masktop.o'
LIBS='-lpthread'
LIBS_XTI='-lpthread'
LIBUNP='../libunp.a'
LIBUNPXTI='../libunpxti.a'
LIBUNPXTI_NAME='../libunpxti.a'
LIBUNP_NAME='../libunp.a'
LIBXTI_OBJS=' wrapxti.o xti_accept.o xti_flags_str.o xti_getopt.o xti_ntop.o xti_ntop_host.o xti_rdwr.o xti_setopt.o xti_str_opts.o xti_tlook_str.o'
LIB_OBJS=' connect_nonb.o connect_timeo.o daemon_inetd.o daemon_init.o dg_cli.o dg_echo.o error.o get_ifi_info.o gf_time.o host_serv.o family_to_level.o mcast_leave.o mcast_join.o mcast_get_if.o mcast_get_loop.o mcast_get_ttl.o mcast_set_if.o mcast_set_loop.o mcast_set_ttl.o my_addrs.o read_fd.o readline.o readn.o readable_timeo.o rtt.o signal.o signal_intr.o sock_bind_wild.o sock_cmp_addr.o sock_cmp_port.o sock_ntop.o sock_ntop_host.o sock_get_port.o sock_set_addr.o sock_set_port.o sock_set_wild.o sockfd_to_family.o str_cli.o str_echo.o tcp_connect.o tcp_listen.o tv_sub.o udp_client.o udp_connect.o udp_server.o wraplib.o wrapsock.o wrapstdio.o wrappthread.o wrapunix.o write_fd.o writen.o writable_timeo.o'
LTLIBOBJS=''
OBJEXT='o'
PACKAGE_BUGREPORT=''
PACKAGE_NAME=''
PACKAGE_STRING=''
PACKAGE_TARNAME=''
PACKAGE_VERSION=''
PATH_SEPARATOR=':'
RANLIB='ranlib'
SHELL='/bin/sh'
ac_ct_CC='gcc'
ac_ct_RANLIB='ranlib'
bindir='${exec_prefix}/bin'
build='x86_64-unknown-linux-gnu'
build_alias=''
build_cpu='x86_64'
build_os='linux-gnu'
build_vendor='unknown'
datadir='${prefix}/share'
exec_prefix='${prefix}'
host='x86_64-unknown-linux-gnu'
host_alias=''
host_cpu='x86_64'
host_os='linux-gnu'
host_vendor='unknown'
includedir='${prefix}/include'
infodir='${prefix}/info'
libdir='${exec_prefix}/lib'
libexecdir='${exec_prefix}/libexec'
localstatedir='${prefix}/var'
mandir='${prefix}/man'
oldincludedir='/usr/include'
prefix='/usr/local'
program_transform_name='s,x,x,'
sbindir='${exec_prefix}/sbin'
sharedstatedir='${prefix}/com'
sysconfdir='${prefix}/etc'
target_alias=''

## ----------- ##
## confdefs.h. ##
## ----------- ##

#define CPU_VENDOR_OS "x86_64-unknown-linux-gnu"
#define HAVE_ADDRINFO_STRUCT 1
#define HAVE_ARPA_INET_H 1
#define HAVE_BZERO 1
#define HAVE_ERRNO_H 1
#define HAVE_FCNTL_H 1
#define HAVE_GETADDRINFO 1
#define HAVE_GETADDRINFO_PROTO 1
#define HAVE_GETHOSTBYNAME2 1
#define HAVE_GETHOSTBYNAME_R 1
#define HAVE_GETHOSTNAME 1
#define HAVE_GETHOSTNAME_PROTO 1
#define HAVE_GETNAMEINFO 1
#define HAVE_GETNAMEINFO_PROTO 1
#define HAVE_GETRUSAGE_PROTO 1
#define HAVE_HSTRERROR 1
#define HAVE_HSTRERROR_PROTO 1
#define HAVE_IF_NAMEINDEX_STRUCT 1
#define HAVE_IF_NAMETOINDEX 1
#define HAVE_IF_NAMETOINDEX_PROTO 1
#define HAVE_INET6_RTH_INIT 1
#define HAVE_INET_ATON 1
#define HAVE_INET_ATON_PROTO 1
#define HAVE_INET_PTON 1
#define HAVE_INET_PTON_PROTO 1
#define HAVE_LIBPTHREAD 1
#define HAVE_MKSTEMP 1
#define HAVE_MSGHDR_MSG_CONTROL 1
#define HAVE_NETDB_H 1
#define HAVE_NETINET_IN_H 1
#define HAVE_POLL 1
#define HAVE_POLL_H 1
#define HAVE_PSELECT 1
#define HAVE_PSELECT_PROTO 1
#define HAVE_PTHREAD_H 1
#define HAVE_SIGNAL_H 1
#define HAVE_SNPRINTF 1
#define HAVE_SNPRINTF_PROTO 1
#define HAVE_SOCKATMARK 1
#define HAVE_SOCKATMARK_PROTO 1
#define HAVE_STDIO_H 1
#define HAVE_STDLIB_H 1
#define HAVE_STRINGS_H 1
#define HAVE_STRING_H 1
#define HAVE_STROPTS_H 1
#define HAVE_STRUCT_IFREQ_IFR_MTU 1
#define HAVE_STRUCT_SOCKADDR_STORAGE 1
#define HAVE_SYS_IOCTL_H 1
#define HAVE_SYS_PARAM_H 1
#define HAVE_SYS_SELECT_H 1
#define HAVE_SYS_SOCKET_H 1
#define HAVE_SYS_STAT_H 1
#define HAVE_SYS_SYSCTL_H 1
#define HAVE_SYS_TIME_H 1
#define HAVE_SYS_TYPES_H 1
#define HAVE_SYS_UIO_H 1
#define HAVE_SYS_UN_H 1
#define HAVE_SYS_WAIT_H 1
#define HAVE_TIMESPEC_STRUCT 1
#define HAVE_TIME_H 1
#define HAVE_UNISTD_H 1
#define HAVE_VSNPRINTF 1
#define IPV4 1
#define IPV6 1
#define IPv4 1
#define IPv6 1
#define MCAST 1
#define PACKAGE_BUGREPORT ""
#define PACKAGE_NAME ""
#define PACKAGE_STRING ""
#define PACKAGE_TARNAME ""
#define PACKAGE_VERSION ""
#define STDC_HEADERS 1
#define TIME_WITH_SYS_TIME 1
#define UNIXDOMAIN 1
#define UNIXdomain 1

configure: exit 0
